current directory: /home/runner/work/R-visualisation/R-visualisation/.vendor/bundle/ruby/2.7.0/gems/eventmachine-1.2.7/ext/fastfilereader
/opt/hostedtoolcache/Ruby/2.7.7/x64/bin/ruby -I /opt/hostedtoolcache/Ruby/2.7.7/x64/lib/ruby/2.7.0 -r ./siteconf20230303-11644-1lrjvea.rb extconf.rb
creating Makefile

current directory: /home/runner/work/R-visualisation/R-visualisation/.vendor/bundle/ruby/2.7.0/gems/eventmachine-1.2.7/ext/fastfilereader
make "DESTDIR=" clean
make[1]: Entering directory '/home/runner/work/R-visualisation/R-visualisation/.vendor/bundle/ruby/2.7.0/gems/eventmachine-1.2.7/ext/fastfilereader'
Makefile:176: warning: overriding recipe for target 'clean'
†&ô'>V:176: warning: ignoring old recipe for target 'clean'
Makefile:183: warning: overriding recipe for target 'distclean'
†&ô'>V:183: warning: ignoring old recipe for target 'distclean'
Makefile:191: warning: overriding recipe for target 'install-so'
†&ô'>V:191: warning: ignoring old recipe for target 'install-so'
Makefile:201: warning: overriding recipe for target 'pre-install-rb-default'
†&ô'>V:201: warning: ignoring old recipe for target 'pre-install-rb-default'
Makefile:203: warning: overriding recipe for target '.sitearchdir.time'
†&ô'>V:203: warning: ignoring old recipe for target '.sitearchdir.time'
Makefile:213: warning: overriding recipe for target '.cc.o'
†&ô'>V:213: warning: ignoring old recipe for target '.cc.o'
Makefile:217: warning: overriding recipe for target '.cc.S'
†&ô'>V:217: warning: ignoring old recipe for target '.cc.S'
Makefile:221: warning: overriding recipe for target '.mm.o'
†&ô'>V:221: warning: ignoring old recipe for target '.mm.o'
Makefile:225: warning: overriding recipe for target '.mm.S'
†&ô'>V:225: warning: ignoring old recipe for target '.mm.S'
Makefile:229: warning: overriding recipe for target '.cxx.o'
†&ô'>V:229: warning: ignoring old recipe for target '.cxx.o'
Makefile:233: warning: overriding recipe for target '.cxx.S'
†&ô'>V:233: warning: ignoring old recipe for target '.cxx.S'
Makefile:237: warning: overriding recipe for target '.cpp.o'
†&ô'>V:237: warning: ignoring old recipe for target '.cpp.o'
Makefile:241: warning: overriding recipe for target '.cpp.S'
†&ô'>V:241: warning: ignoring old recipe for target '.cpp.S'
Makefile:245: warning: overriding recipe for target '.c.o'
†&ô'>V:245: warning: ignoring old recipe for target '.c.o'
Makefile:249: warning: overriding recipe for target '.c.S'
†&ô'>V:249: warning: ignoring old recipe for target '.c.S'
Makefile:253: warning: overriding recipe for target '.m.o'
†&ô'>V:253: warning: ignoring old recipe for target '.m.o'
Makefile:257: warning: overriding recipe for target '.m.S'
†&ô'>V:257: warning: ignoring old recipe for target '.m.S'
Makefile:261: warning: overriding recipe for target 'fastfilereaderext.so'
†&ô'>V:261: warning: ignoring old recipe for target 'fastfilereaderext.so'
make[1]: Leaving directory '/home/runner/work/R-visualisation/R-visualisation/.vendor/bundle/ruby/2.7.0/gems/eventmachine-1.2.7/ext/fastfilereader'

current directory: /home/runner/work/R-visualisation/R-visualisation/.vendor/bundle/ruby/2.7.0/gems/eventmachine-1.2.7/ext/fastfilereader
make "DESTDIR="
make[1]: Entering directory '/home/runner/work/R-visualisation/R-visualisation/.vendor/bundle/ruby/2.7.0/gems/eventmachine-1.2.7/ext/fastfilereader'
Makefile:176: warning: overriding recipe for target 'clean'
†f¿D§U:176: warning: ignoring old recipe for target 'clean'
Makefile:183: warning: overriding recipe for target 'distclean'
†f¿D§U:183: warning: ignoring old recipe for target 'distclean'
Makefile:191: warning: overriding recipe for target 'install-so'
†f¿D§U:191: warning: ignoring old recipe for target 'install-so'
Makefile:201: warning: overriding recipe for target 'pre-install-rb-default'
†f¿D§U:201: warning: ignoring old recipe for target 'pre-install-rb-default'
Makefile:203: warning: overriding recipe for target '.sitearchdir.time'
†f¿D§U:203: warning: ignoring old recipe for target '.sitearchdir.time'
Makefile:213: warning: overriding recipe for target '.cc.o'
†f¿D§U:213: warning: ignoring old recipe for target '.cc.o'
Makefile:217: warning: overriding recipe for target '.cc.S'
†f¿D§U:217: warning: ignoring old recipe for target '.cc.S'
Makefile:221: warning: overriding recipe for target '.mm.o'
†f¿D§U:221: warning: ignoring old recipe for target '.mm.o'
Makefile:225: warning: overriding recipe for target '.mm.S'
†f¿D§U:225: warning: ignoring old recipe for target '.mm.S'
Makefile:229: warning: overriding recipe for target '.cxx.o'
†f¿D§U:229: warning: ignoring old recipe for target '.cxx.o'
Makefile:233: warning: overriding recipe for target '.cxx.S'
†f¿D§U:233: warning: ignoring old recipe for target '.cxx.S'
Makefile:237: warning: overriding recipe for target '.cpp.o'
†f¿D§U:237: warning: ignoring old recipe for target '.cpp.o'
Makefile:241: warning: overriding recipe for target '.cpp.S'
†f¿D§U:241: warning: ignoring old recipe for target '.cpp.S'
Makefile:245: warning: overriding recipe for target '.c.o'
†f¿D§U:245: warning: ignoring old recipe for target '.c.o'
Makefile:249: warning: overriding recipe for target '.c.S'
†f¿D§U:249: warning: ignoring old recipe for target '.c.S'
Makefile:253: warning: overriding recipe for target '.m.o'
†f¿D§U:253: warning: ignoring old recipe for target '.m.o'
Makefile:257: warning: overriding recipe for target '.m.S'
†f¿D§U:257: warning: ignoring old recipe for target '.m.S'
Makefile:261: warning: overriding recipe for target 'fastfilereaderext.so'
†f¿D§U:261: warning: ignoring old recipe for target 'fastfilereaderext.so'
compiling mapper.cpp
compiling rubymain.cpp
linking shared-object fastfilereaderext.so
make[1]: Leaving directory '/home/runner/work/R-visualisation/R-visualisation/.vendor/bundle/ruby/2.7.0/gems/eventmachine-1.2.7/ext/fastfilereader'

current directory: /home/runner/work/R-visualisation/R-visualisation/.vendor/bundle/ruby/2.7.0/gems/eventmachine-1.2.7/ext/fastfilereader
make "DESTDIR=" install
make[1]: Entering directory '/home/runner/work/R-visualisation/R-visualisation/.vendor/bundle/ruby/2.7.0/gems/eventmachine-1.2.7/ext/fastfilereader'
Makefile:176: warning: overriding recipe for target 'clean'
†∆‘&&V:176: warning: ignoring old recipe for target 'clean'
Makefile:183: warning: overriding recipe for target 'distclean'
†∆‘&&V:183: warning: ignoring old recipe for target 'distclean'
Makefile:191: warning: overriding recipe for target 'install-so'
†∆‘&&V:191: warning: ignoring old recipe for target 'install-so'
Makefile:201: warning: overriding recipe for target 'pre-install-rb-default'
†∆‘&&V:201: warning: ignoring old recipe for target 'pre-install-rb-default'
Makefile:203: warning: overriding recipe for target '.sitearchdir.time'
†∆‘&&V:203: warning: ignoring old recipe for target '.sitearchdir.time'
Makefile:213: warning: overriding recipe for target '.cc.o'
†∆‘&&V:213: warning: ignoring old recipe for target '.cc.o'
Makefile:217: warning: overriding recipe for target '.cc.S'
†∆‘&&V:217: warning: ignoring old recipe for target '.cc.S'
Makefile:221: warning: overriding recipe for target '.mm.o'
†∆‘&&V:221: warning: ignoring old recipe for target '.mm.o'
Makefile:225: warning: overriding recipe for target '.mm.S'
†∆‘&&V:225: warning: ignoring old recipe for target '.mm.S'
Makefile:229: warning: overriding recipe for target '.cxx.o'
†∆‘&&V:229: warning: ignoring old recipe for target '.cxx.o'
Makefile:233: warning: overriding recipe for target '.cxx.S'
†∆‘&&V:233: warning: ignoring old recipe for target '.cxx.S'
Makefile:237: warning: overriding recipe for target '.cpp.o'
†∆‘&&V:237: warning: ignoring old recipe for target '.cpp.o'
Makefile:241: warning: overriding recipe for target '.cpp.S'
†∆‘&&V:241: warning: ignoring old recipe for target '.cpp.S'
Makefile:245: warning: overriding recipe for target '.c.o'
†∆‘&&V:245: warning: ignoring old recipe for target '.c.o'
Makefile:249: warning: overriding recipe for target '.c.S'
†∆‘&&V:249: warning: ignoring old recipe for target '.c.S'
Makefile:253: warning: overriding recipe for target '.m.o'
†∆‘&&V:253: warning: ignoring old recipe for target '.m.o'
Makefile:257: warning: overriding recipe for target '.m.S'
†∆‘&&V:257: warning: ignoring old recipe for target '.m.S'
Makefile:261: warning: overriding recipe for target 'fastfilereaderext.so'
†∆‘&&V:261: warning: ignoring old recipe for target 'fastfilereaderext.so'
/usr/bin/install -c -m 0755 fastfilereaderext.so ./.gem.20230303-11644-xq34hi
make[1]: Leaving directory '/home/runner/work/R-visualisation/R-visualisation/.vendor/bundle/ruby/2.7.0/gems/eventmachine-1.2.7/ext/fastfilereader'
