current directory: /home/runner/work/R-visualisation/R-visualisation/.vendor/bundle/ruby/2.7.0/gems/racc-1.7.1/ext/racc/cparse
/opt/hostedtoolcache/Ruby/2.7.8/x64/bin/ruby -I /opt/hostedtoolcache/Ruby/2.7.8/x64/lib/ruby/2.7.0 -r ./siteconf20230717-15796-8xzkpn.rb extconf.rb
checking for rb_block_call()... yes
checking for rb_ary_subseq()... yes
creating Makefile

current directory: /home/runner/work/R-visualisation/R-visualisation/.vendor/bundle/ruby/2.7.0/gems/racc-1.7.1/ext/racc/cparse
make "DESTDIR=" clean
make[1]: Entering directory '/home/runner/work/R-visualisation/R-visualisation/.vendor/bundle/ruby/2.7.0/gems/racc-1.7.1/ext/racc/cparse'
Makefile:176: warning: overriding recipe for target 'clean'
Àx¾ˆÍU:176: warning: ignoring old recipe for target 'clean'
Makefile:183: warning: overriding recipe for target 'distclean'
Àx¾ˆÍU:183: warning: ignoring old recipe for target 'distclean'
Makefile:191: warning: overriding recipe for target 'install-so'
Àx¾ˆÍU:191: warning: ignoring old recipe for target 'install-so'
Makefile:201: warning: overriding recipe for target 'pre-install-rb-default'
Àx¾ˆÍU:201: warning: ignoring old recipe for target 'pre-install-rb-default'
Makefile:203: warning: overriding recipe for target '.sitearchdir.-.racc.time'
Àx¾ˆÍU:203: warning: ignoring old recipe for target '.sitearchdir.-.racc.time'
Makefile:213: warning: overriding recipe for target '.cc.o'
Àx¾ˆÍU:213: warning: ignoring old recipe for target '.cc.o'
Makefile:217: warning: overriding recipe for target '.cc.S'
Àx¾ˆÍU:217: warning: ignoring old recipe for target '.cc.S'
Makefile:221: warning: overriding recipe for target '.mm.o'
Àx¾ˆÍU:221: warning: ignoring old recipe for target '.mm.o'
Makefile:225: warning: overriding recipe for target '.mm.S'
Àx¾ˆÍU:225: warning: ignoring old recipe for target '.mm.S'
Makefile:229: warning: overriding recipe for target '.cxx.o'
Àx¾ˆÍU:229: warning: ignoring old recipe for target '.cxx.o'
Makefile:233: warning: overriding recipe for target '.cxx.S'
Àx¾ˆÍU:233: warning: ignoring old recipe for target '.cxx.S'
Makefile:237: warning: overriding recipe for target '.cpp.o'
Àx¾ˆÍU:237: warning: ignoring old recipe for target '.cpp.o'
Makefile:241: warning: overriding recipe for target '.cpp.S'
Àx¾ˆÍU:241: warning: ignoring old recipe for target '.cpp.S'
Makefile:245: warning: overriding recipe for target '.c.o'
Àx¾ˆÍU:245: warning: ignoring old recipe for target '.c.o'
Makefile:249: warning: overriding recipe for target '.c.S'
Àx¾ˆÍU:249: warning: ignoring old recipe for target '.c.S'
Makefile:253: warning: overriding recipe for target '.m.o'
Àx¾ˆÍU:253: warning: ignoring old recipe for target '.m.o'
Makefile:257: warning: overriding recipe for target '.m.S'
Àx¾ˆÍU:257: warning: ignoring old recipe for target '.m.S'
Makefile:261: warning: overriding recipe for target 'cparse.so'
Àx¾ˆÍU:261: warning: ignoring old recipe for target 'cparse.so'
make[1]: Leaving directory '/home/runner/work/R-visualisation/R-visualisation/.vendor/bundle/ruby/2.7.0/gems/racc-1.7.1/ext/racc/cparse'

current directory: /home/runner/work/R-visualisation/R-visualisation/.vendor/bundle/ruby/2.7.0/gems/racc-1.7.1/ext/racc/cparse
make "DESTDIR="
make[1]: Entering directory '/home/runner/work/R-visualisation/R-visualisation/.vendor/bundle/ruby/2.7.0/gems/racc-1.7.1/ext/racc/cparse'
Makefile:176: warning: overriding recipe for target 'clean'
ÀHû†=V:176: warning: ignoring old recipe for target 'clean'
Makefile:183: warning: overriding recipe for target 'distclean'
ÀHû†=V:183: warning: ignoring old recipe for target 'distclean'
Makefile:191: warning: overriding recipe for target 'install-so'
ÀHû†=V:191: warning: ignoring old recipe for target 'install-so'
Makefile:201: warning: overriding recipe for target 'pre-install-rb-default'
ÀHû†=V:201: warning: ignoring old recipe for target 'pre-install-rb-default'
Makefile:203: warning: overriding recipe for target '.sitearchdir.-.racc.time'
ÀHû†=V:203: warning: ignoring old recipe for target '.sitearchdir.-.racc.time'
Makefile:213: warning: overriding recipe for target '.cc.o'
ÀHû†=V:213: warning: ignoring old recipe for target '.cc.o'
Makefile:217: warning: overriding recipe for target '.cc.S'
ÀHû†=V:217: warning: ignoring old recipe for target '.cc.S'
Makefile:221: warning: overriding recipe for target '.mm.o'
ÀHû†=V:221: warning: ignoring old recipe for target '.mm.o'
Makefile:225: warning: overriding recipe for target '.mm.S'
ÀHû†=V:225: warning: ignoring old recipe for target '.mm.S'
Makefile:229: warning: overriding recipe for target '.cxx.o'
ÀHû†=V:229: warning: ignoring old recipe for target '.cxx.o'
Makefile:233: warning: overriding recipe for target '.cxx.S'
ÀHû†=V:233: warning: ignoring old recipe for target '.cxx.S'
Makefile:237: warning: overriding recipe for target '.cpp.o'
ÀHû†=V:237: warning: ignoring old recipe for target '.cpp.o'
Makefile:241: warning: overriding recipe for target '.cpp.S'
ÀHû†=V:241: warning: ignoring old recipe for target '.cpp.S'
Makefile:245: warning: overriding recipe for target '.c.o'
ÀHû†=V:245: warning: ignoring old recipe for target '.c.o'
Makefile:249: warning: overriding recipe for target '.c.S'
ÀHû†=V:249: warning: ignoring old recipe for target '.c.S'
Makefile:253: warning: overriding recipe for target '.m.o'
ÀHû†=V:253: warning: ignoring old recipe for target '.m.o'
Makefile:257: warning: overriding recipe for target '.m.S'
ÀHû†=V:257: warning: ignoring old recipe for target '.m.S'
Makefile:261: warning: overriding recipe for target 'cparse.so'
ÀHû†=V:261: warning: ignoring old recipe for target 'cparse.so'
compiling cparse.c
linking shared-object racc/cparse.so
make[1]: Leaving directory '/home/runner/work/R-visualisation/R-visualisation/.vendor/bundle/ruby/2.7.0/gems/racc-1.7.1/ext/racc/cparse'

current directory: /home/runner/work/R-visualisation/R-visualisation/.vendor/bundle/ruby/2.7.0/gems/racc-1.7.1/ext/racc/cparse
make "DESTDIR=" install
make[1]: Entering directory '/home/runner/work/R-visualisation/R-visualisation/.vendor/bundle/ruby/2.7.0/gems/racc-1.7.1/ext/racc/cparse'
Makefile:176: warning: overriding recipe for target 'clean'
Àh—qU:176: warning: ignoring old recipe for target 'clean'
Makefile:183: warning: overriding recipe for target 'distclean'
Àh—qU:183: warning: ignoring old recipe for target 'distclean'
Makefile:191: warning: overriding recipe for target 'install-so'
Àh—qU:191: warning: ignoring old recipe for target 'install-so'
Makefile:201: warning: overriding recipe for target 'pre-install-rb-default'
Àh—qU:201: warning: ignoring old recipe for target 'pre-install-rb-default'
Makefile:203: warning: overriding recipe for target '.sitearchdir.-.racc.time'
Àh—qU:203: warning: ignoring old recipe for target '.sitearchdir.-.racc.time'
Makefile:213: warning: overriding recipe for target '.cc.o'
Àh—qU:213: warning: ignoring old recipe for target '.cc.o'
Makefile:217: warning: overriding recipe for target '.cc.S'
Àh—qU:217: warning: ignoring old recipe for target '.cc.S'
Makefile:221: warning: overriding recipe for target '.mm.o'
Àh—qU:221: warning: ignoring old recipe for target '.mm.o'
Makefile:225: warning: overriding recipe for target '.mm.S'
Àh—qU:225: warning: ignoring old recipe for target '.mm.S'
Makefile:229: warning: overriding recipe for target '.cxx.o'
Àh—qU:229: warning: ignoring old recipe for target '.cxx.o'
Makefile:233: warning: overriding recipe for target '.cxx.S'
Àh—qU:233: warning: ignoring old recipe for target '.cxx.S'
Makefile:237: warning: overriding recipe for target '.cpp.o'
Àh—qU:237: warning: ignoring old recipe for target '.cpp.o'
Makefile:241: warning: overriding recipe for target '.cpp.S'
Àh—qU:241: warning: ignoring old recipe for target '.cpp.S'
Makefile:245: warning: overriding recipe for target '.c.o'
Àh—qU:245: warning: ignoring old recipe for target '.c.o'
Makefile:249: warning: overriding recipe for target '.c.S'
Àh—qU:249: warning: ignoring old recipe for target '.c.S'
Makefile:253: warning: overriding recipe for target '.m.o'
Àh—qU:253: warning: ignoring old recipe for target '.m.o'
Makefile:257: warning: overriding recipe for target '.m.S'
Àh—qU:257: warning: ignoring old recipe for target '.m.S'
Makefile:261: warning: overriding recipe for target 'cparse.so'
Àh—qU:261: warning: ignoring old recipe for target 'cparse.so'
/usr/bin/install -c -m 0755 cparse.so ./.gem.20230717-15796-1l7dick/racc
make[1]: Leaving directory '/home/runner/work/R-visualisation/R-visualisation/.vendor/bundle/ruby/2.7.0/gems/racc-1.7.1/ext/racc/cparse'
